[2020-11-23 16:30:37] INFO  org.quartz.core.QuartzScheduler 585 standby - Scheduler quartzScheduler_$_NON_CLUSTERED paused.
[2020-11-23 16:30:38] INFO  org.springframework.scheduling.quartz.SchedulerFactoryBean 845 destroy - Shutting down Quartz Scheduler
[2020-11-23 16:30:38] INFO  org.quartz.core.QuartzScheduler 666 shutdown - Scheduler quartzScheduler_$_NON_CLUSTERED shutting down.
[2020-11-23 16:30:38] INFO  org.quartz.core.QuartzScheduler 585 standby - Scheduler quartzScheduler_$_NON_CLUSTERED paused.
[2020-11-23 16:30:38] INFO  org.quartz.core.QuartzScheduler 740 shutdown - Scheduler quartzScheduler_$_NON_CLUSTERED shutdown complete.
[2020-11-23 16:30:38] INFO  org.springframework.scheduling.concurrent.ExecutorConfigurationSupport 218 shutdown - Shutting down ExecutorService 'applicationTaskExecutor'
[2020-11-23 16:30:38] INFO  com.alibaba.druid.pool.DruidDataSource 2032 close - {dataSource-3} closing ...
[2020-11-23 16:30:38] INFO  com.alibaba.druid.pool.DruidDataSource 2104 close - {dataSource-3} closed
[2020-11-23 16:30:46] INFO  org.springframework.boot.StartupInfoLogger 55 logStarting - Starting DemoApplication using Java 11.0.9 on DESKTOP-RDBPOSF with PID 4420 (E:\workspace\MyProject\ssm-framework\target\classes started by wuhua in E:\workspace\MyProject\ssm-framework)
[2020-11-23 16:30:46] INFO  org.springframework.boot.SpringApplication 660 logStartupProfileInfo - No active profile set, falling back to default profiles: default
[2020-11-23 16:30:46] INFO  org.springframework.boot.logging.DeferredLog 255 logTo - Devtools property defaults active! Set 'spring.devtools.add-properties' to 'false' to disable
[2020-11-23 16:30:46] INFO  org.springframework.boot.logging.DeferredLog 255 logTo - For additional web related logging consider setting the 'logging.level.web' property to 'DEBUG'
[2020-11-23 16:30:48] INFO  org.springframework.data.repository.config.RepositoryConfigurationDelegate 250 multipleStoresDetected - Multiple Spring Data modules found, entering strict repository configuration mode!
[2020-11-23 16:30:48] INFO  org.springframework.data.repository.config.RepositoryConfigurationDelegate 128 registerRepositoriesIn - Bootstrapping Spring Data Redis repositories in DEFAULT mode.
[2020-11-23 16:30:48] INFO  org.springframework.data.repository.config.RepositoryConfigurationDelegate 188 registerRepositoriesIn - Finished Spring Data repository scanning in 8 ms. Found 0 Redis repository interfaces.
[2020-11-23 16:30:48] INFO  org.springframework.context.support.PostProcessorRegistrationDelegate$BeanPostProcessorChecker 350 postProcessAfterInitialization - Bean 'redisConfig' of type [com.geekfanfan.think.config.RedisConfig$$EnhancerBySpringCGLIB$$b8f9fe9d] is not eligible for getting processed by all BeanPostProcessors (for example: not eligible for auto-proxying)
[2020-11-23 16:30:49] INFO  org.springframework.boot.web.embedded.tomcat.TomcatWebServer 108 initialize - Tomcat initialized with port(s): 8888 (http)
[2020-11-23 16:30:49] INFO  org.apache.juli.logging.DirectJDKLog 173 log - Starting service [Tomcat]
[2020-11-23 16:30:49] INFO  org.apache.juli.logging.DirectJDKLog 173 log - Starting Servlet engine: [Apache Tomcat/9.0.39]
[2020-11-23 16:30:49] INFO  org.apache.juli.logging.DirectJDKLog 173 log - Initializing Spring embedded WebApplicationContext
[2020-11-23 16:30:49] INFO  org.springframework.boot.web.servlet.context.ServletWebServerApplicationContext 289 prepareWebApplicationContext - Root WebApplicationContext: initialization completed in 2967 ms
[2020-11-23 16:30:52] INFO  springfox.documentation.spring.web.PropertySourcedRequestMappingHandlerMapping 69 initHandlerMethods - Mapped URL path [/v2/api-docs] onto method [springfox.documentation.swagger2.web.Swagger2Controller#getDocumentation(String, HttpServletRequest)]
[2020-11-23 16:30:52] INFO  com.geekfanfan.think.config.Swagger2Config 82 createRestApi - º”‘ÿSwagger2
[2020-11-23 16:30:53] INFO  org.springframework.scheduling.concurrent.ExecutorConfigurationSupport 181 initialize - Initializing ExecutorService 'applicationTaskExecutor'
[2020-11-23 16:30:53] INFO  org.springframework.boot.devtools.autoconfigure.OptionalLiveReloadServer 58 startServer - LiveReload server is running on port 35729
[2020-11-23 16:30:53] INFO  org.springframework.boot.autoconfigure.web.servlet.WelcomePageHandlerMapping 58 <init> - Adding welcome page template: index
[2020-11-23 16:30:54] INFO  org.quartz.impl.StdSchedulerFactory 1220 instantiate - Using default implementation for ThreadExecutor
[2020-11-23 16:30:54] INFO  org.quartz.core.SchedulerSignalerImpl 61 <init> - Initialized Scheduler Signaller of type: class org.quartz.core.SchedulerSignalerImpl
[2020-11-23 16:30:54] INFO  org.quartz.core.QuartzScheduler 229 <init> - Quartz Scheduler v.2.3.2 created.
[2020-11-23 16:30:54] INFO  org.quartz.simpl.RAMJobStore 155 initialize - RAMJobStore initialized.
[2020-11-23 16:30:54] INFO  org.quartz.core.QuartzScheduler 294 initialize - Scheduler meta-data: Quartz Scheduler (v2.3.2) 'quartzScheduler' with instanceId 'NON_CLUSTERED'
  Scheduler class: 'org.quartz.core.QuartzScheduler' - running locally.
  NOT STARTED.
  Currently in standby mode.
  Number of jobs executed: 0
  Using thread pool 'org.quartz.simpl.SimpleThreadPool' - with 10 threads.
  Using job-store 'org.quartz.simpl.RAMJobStore' - which does not support persistence. and is not clustered.

[2020-11-23 16:30:54] INFO  org.quartz.impl.StdSchedulerFactory 1374 instantiate - Quartz scheduler 'quartzScheduler' initialized from an externally provided properties instance.
[2020-11-23 16:30:54] INFO  org.quartz.impl.StdSchedulerFactory 1378 instantiate - Quartz scheduler version: 2.3.2
[2020-11-23 16:30:54] INFO  org.quartz.core.QuartzScheduler 2293 setJobFactory - JobFactory set to: org.springframework.scheduling.quartz.SpringBeanJobFactory@77db5926
[2020-11-23 16:30:55] INFO  org.springframework.boot.web.embedded.tomcat.TomcatWebServer 220 start - Tomcat started on port(s): 8888 (http) with context path ''
[2020-11-23 16:30:55] INFO  springfox.documentation.spring.web.plugins.DocumentationPluginsBootstrapper 160 start - Context refreshed
[2020-11-23 16:30:55] INFO  springfox.documentation.spring.web.plugins.DocumentationPluginsBootstrapper 163 start - Found 1 custom documentation plugin(s)
[2020-11-23 16:30:55] INFO  springfox.documentation.spring.web.scanners.ApiListingReferenceScanner 41 scan - Scanning for api listing references
[2020-11-23 16:30:56] INFO  org.springframework.scheduling.quartz.SchedulerFactoryBean 727 startScheduler - Starting Quartz Scheduler now
[2020-11-23 16:30:56] INFO  org.quartz.core.QuartzScheduler 547 start - Scheduler quartzScheduler_$_NON_CLUSTERED started.
[2020-11-23 16:30:56] INFO  org.springframework.boot.StartupInfoLogger 61 logStarted - Started DemoApplication in 10.536 seconds (JVM running for 11.382)
[2020-11-23 16:31:08] INFO  org.apache.juli.logging.DirectJDKLog 173 log - Initializing Spring DispatcherServlet 'dispatcherServlet'
[2020-11-23 16:31:08] INFO  org.springframework.web.servlet.FrameworkServlet 525 initServletBean - Initializing Servlet 'dispatcherServlet'
[2020-11-23 16:31:08] INFO  org.springframework.web.servlet.FrameworkServlet 547 initServletBean - Completed initialization in 18 ms
[2020-11-23 16:31:09] INFO  com.alibaba.druid.pool.DruidDataSource 985 init - {dataSource-1} inited
[2020-11-23 16:31:59] INFO  org.quartz.core.QuartzScheduler 585 standby - Scheduler quartzScheduler_$_NON_CLUSTERED paused.
[2020-11-23 16:31:59] INFO  org.springframework.scheduling.quartz.SchedulerFactoryBean 845 destroy - Shutting down Quartz Scheduler
[2020-11-23 16:31:59] INFO  org.quartz.core.QuartzScheduler 666 shutdown - Scheduler quartzScheduler_$_NON_CLUSTERED shutting down.
[2020-11-23 16:31:59] INFO  org.quartz.core.QuartzScheduler 585 standby - Scheduler quartzScheduler_$_NON_CLUSTERED paused.
[2020-11-23 16:31:59] INFO  org.quartz.core.QuartzScheduler 740 shutdown - Scheduler quartzScheduler_$_NON_CLUSTERED shutdown complete.
[2020-11-23 16:31:59] INFO  org.springframework.scheduling.concurrent.ExecutorConfigurationSupport 218 shutdown - Shutting down ExecutorService 'applicationTaskExecutor'
[2020-11-23 16:31:59] INFO  com.alibaba.druid.pool.DruidDataSource 2032 close - {dataSource-1} closing ...
[2020-11-23 16:31:59] INFO  com.alibaba.druid.pool.DruidDataSource 2104 close - {dataSource-1} closed
